{"/Users/bills/Desktop/exercises/react-testing-carousel-component/src/App.js": {"path":"/Users/bills/Desktop/exercises/react-testing-carousel-component/src/App.js","statementMap":{"0":{"start":{"line":17,"column":25},"end":{"line":17,"column":31}},"1":{"start":{"line":18,"column":24},"end":{"line":18,"column":54}},"2":{"start":{"line":20,"column":2},"end":{"line":24,"column":4}}},"fnMap":{"0":{"name":"App","decl":{"start":{"line":13,"column":9},"end":{"line":13,"column":12}},"loc":{"start":{"line":13,"column":15},"end":{"line":25,"column":1}},"line":13}},"branchMap":{},"s":{"0":0,"1":0,"2":0},"f":{"0":0},"b":{}}
,"/Users/bills/Desktop/exercises/react-testing-carousel-component/src/Card.js": {"path":"/Users/bills/Desktop/exercises/react-testing-carousel-component/src/Card.js","statementMap":{"0":{"start":{"line":20,"column":2},"end":{"line":28,"column":4}}},"fnMap":{"0":{"name":"Card","decl":{"start":{"line":18,"column":10},"end":{"line":18,"column":14}},"loc":{"start":{"line":18,"column":50},"end":{"line":29,"column":1}},"line":18}},"branchMap":{},"s":{"0":13},"f":{"0":13},"b":{},"_coverageSchema":"1a1c01bbd47fc00a2c39e90264f33305004495a9","hash":"bc8589247fe083fd2e81048cdf23c7fc3ebec193"}
,"/Users/bills/Desktop/exercises/react-testing-carousel-component/src/Carousel.js": {"path":"/Users/bills/Desktop/exercises/react-testing-carousel-component/src/Carousel.js","statementMap":{"0":{"start":{"line":18,"column":40},"end":{"line":18,"column":51}},"1":{"start":{"line":20,"column":19},"end":{"line":20,"column":38}},"2":{"start":{"line":21,"column":16},"end":{"line":21,"column":29}},"3":{"start":{"line":25,"column":4},"end":{"line":25,"column":36}},"4":{"start":{"line":29,"column":4},"end":{"line":29,"column":36}},"5":{"start":{"line":33,"column":24},"end":{"line":33,"column":74}},"6":{"start":{"line":34,"column":25},"end":{"line":34,"column":82}},"7":{"start":{"line":37,"column":2},"end":{"line":57,"column":4}}},"fnMap":{"0":{"name":"Carousel","decl":{"start":{"line":17,"column":10},"end":{"line":17,"column":18}},"loc":{"start":{"line":17,"column":38},"end":{"line":58,"column":1}},"line":17},"1":{"name":"goForward","decl":{"start":{"line":24,"column":11},"end":{"line":24,"column":20}},"loc":{"start":{"line":24,"column":23},"end":{"line":26,"column":3}},"line":24},"2":{"name":"goBackward","decl":{"start":{"line":28,"column":11},"end":{"line":28,"column":21}},"loc":{"start":{"line":28,"column":23},"end":{"line":30,"column":3}},"line":28}},"branchMap":{"0":{"loc":{"start":{"line":33,"column":24},"end":{"line":33,"column":74}},"type":"cond-expr","locations":[{"start":{"line":33,"column":44},"end":{"line":33,"column":46}},{"start":{"line":33,"column":49},"end":{"line":33,"column":74}}],"line":33},"1":{"loc":{"start":{"line":34,"column":25},"end":{"line":34,"column":82}},"type":"cond-expr","locations":[{"start":{"line":34,"column":51},"end":{"line":34,"column":53}},{"start":{"line":34,"column":56},"end":{"line":34,"column":82}}],"line":34}},"s":{"0":11,"1":11,"2":11,"3":4,"4":1,"5":11,"6":11,"7":11},"f":{"0":11,"1":4,"2":1},"b":{"0":[7,4],"1":[1,10]},"_coverageSchema":"1a1c01bbd47fc00a2c39e90264f33305004495a9","hash":"efc5cffbdf58fba85ce1be6f8e65c599c0265317"}
,"/Users/bills/Desktop/exercises/react-testing-carousel-component/src/_testCommon.js": {"path":"/Users/bills/Desktop/exercises/react-testing-carousel-component/src/_testCommon.js","statementMap":{"0":{"start":{"line":1,"column":20},"end":{"line":14,"column":1}}},"fnMap":{},"branchMap":{},"s":{"0":2},"f":{},"b":{},"_coverageSchema":"1a1c01bbd47fc00a2c39e90264f33305004495a9","hash":"c28d1c08d4d98a12b61fdca9cd4b268e8a628677"}
,"/Users/bills/Desktop/exercises/react-testing-carousel-component/src/index.js": {"path":"/Users/bills/Desktop/exercises/react-testing-carousel-component/src/index.js","statementMap":{"0":{"start":{"line":8,"column":13},"end":{"line":8,"column":65}},"1":{"start":{"line":9,"column":0},"end":{"line":13,"column":2}},"2":{"start":{"line":18,"column":0},"end":{"line":18,"column":18}}},"fnMap":{},"branchMap":{},"s":{"0":0,"1":0,"2":0},"f":{},"b":{}}
,"/Users/bills/Desktop/exercises/react-testing-carousel-component/src/photos.js": {"path":"/Users/bills/Desktop/exercises/react-testing-carousel-component/src/photos.js","statementMap":{"0":{"start":{"line":5,"column":15},"end":{"line":18,"column":1}}},"fnMap":{},"branchMap":{},"s":{"0":0},"f":{},"b":{}}
,"/Users/bills/Desktop/exercises/react-testing-carousel-component/src/reportWebVitals.js": {"path":"/Users/bills/Desktop/exercises/react-testing-carousel-component/src/reportWebVitals.js","statementMap":{"0":{"start":{"line":1,"column":24},"end":{"line":11,"column":1}},"1":{"start":{"line":2,"column":2},"end":{"line":10,"column":3}},"2":{"start":{"line":3,"column":4},"end":{"line":9,"column":7}},"3":{"start":{"line":4,"column":6},"end":{"line":4,"column":26}},"4":{"start":{"line":5,"column":6},"end":{"line":5,"column":26}},"5":{"start":{"line":6,"column":6},"end":{"line":6,"column":26}},"6":{"start":{"line":7,"column":6},"end":{"line":7,"column":26}},"7":{"start":{"line":8,"column":6},"end":{"line":8,"column":27}}},"fnMap":{"0":{"name":"(anonymous_0)","decl":{"start":{"line":1,"column":24},"end":{"line":1,"column":25}},"loc":{"start":{"line":1,"column":39},"end":{"line":11,"column":1}},"line":1},"1":{"name":"(anonymous_1)","decl":{"start":{"line":3,"column":30},"end":{"line":3,"column":31}},"loc":{"start":{"line":3,"column":79},"end":{"line":9,"column":5}},"line":3}},"branchMap":{"0":{"loc":{"start":{"line":2,"column":2},"end":{"line":10,"column":3}},"type":"if","locations":[{"start":{"line":2,"column":2},"end":{"line":10,"column":3}},{"start":{},"end":{}}],"line":2},"1":{"loc":{"start":{"line":2,"column":6},"end":{"line":2,"column":52}},"type":"binary-expr","locations":[{"start":{"line":2,"column":6},"end":{"line":2,"column":17}},{"start":{"line":2,"column":21},"end":{"line":2,"column":52}}],"line":2}},"s":{"0":0,"1":0,"2":0,"3":0,"4":0,"5":0,"6":0,"7":0},"f":{"0":0,"1":0},"b":{"0":[0,0],"1":[0,0]}}
}
